{
  "stats": {
    "suites": 1,
    "tests": 1,
    "passes": 1,
    "pending": 0,
    "failures": 0,
    "start": "2022-05-13T14:26:29.538Z",
    "end": "2022-05-13T14:27:19.401Z",
    "duration": 49863,
    "testsRegistered": 1,
    "passPercent": 100,
    "pendingPercent": 0,
    "other": 0,
    "hasOther": false,
    "skipped": 0,
    "hasSkipped": false
  },
  "results": [
    {
      "uuid": "91b02985-d3e8-47c2-a20c-c329c39cb6eb",
      "title": "",
      "fullFile": "cypress/integration/MyTests/Registration-Test.js",
      "file": "cypress/integration/MyTests/Registration-Test.js",
      "beforeHooks": [],
      "afterHooks": [],
      "tests": [],
      "suites": [
        {
          "uuid": "44db7bb3-29da-41e7-801f-8d157bb8c070",
          "title": "Registration-Test-Suite (Using Excel FIle)",
          "fullFile": "",
          "file": "",
          "beforeHooks": [],
          "afterHooks": [],
          "tests": [
            {
              "title": "Data Driven: Register User",
              "fullTitle": "Registration-Test-Suite (Using Excel FIle) Data Driven: Register User",
              "timedOut": null,
              "duration": 49256,
              "state": "passed",
              "speed": "slow",
              "pass": true,
              "fail": false,
              "pending": false,
              "context": "\"videos/MyTests/Registration-Test.js.mp4\"",
              "code": "cy.fixture('xlsxData').then(data => {\n  for (let i = 0; i < rowsLength; i++) {\n    cy.visit('/signup');\n    cy.url().should('include', '/signup').then(() => {\n      cy.get('[data-testid=\"Reg_email\"]').type(data.rows[i].email);\n      cy.get('[data-testid=\"Reg_password\"]').type(data.rows[i].password);\n      cy.get('[data-testid=\"Reg_passwordConfirm\"]').type(data.rows[i].confirmpassword);\n      cy.get('.btn-primary').click();\n      cy.get('[data-testid=\"Reg_error\"]').should('not.exist');\n      cy.url().should('include', '/'); // cy.get('alert').should('have.text', data.rows[i].message);\n    });\n  }\n});",
              "err": {},
              "uuid": "19b4e046-54a7-4bc7-b97f-60a06e43671e",
              "parentUUID": "44db7bb3-29da-41e7-801f-8d157bb8c070",
              "isHook": false,
              "skipped": false
            }
          ],
          "suites": [],
          "passes": [
            "19b4e046-54a7-4bc7-b97f-60a06e43671e"
          ],
          "failures": [],
          "pending": [],
          "skipped": [],
          "duration": 49256,
          "root": false,
          "rootEmpty": false,
          "_timeout": 2000
        }
      ],
      "passes": [],
      "failures": [],
      "pending": [],
      "skipped": [],
      "duration": 0,
      "root": true,
      "rootEmpty": true,
      "_timeout": 2000
    }
  ],
  "meta": {
    "mocha": {
      "version": "7.0.1"
    },
    "mochawesome": {
      "options": {
        "quiet": false,
        "reportFilename": "mochawesome",
        "saveHtml": false,
        "saveJson": true,
        "consoleReporter": "spec",
        "useInlineDiffs": false,
        "code": true
      },
      "version": "7.1.3"
    },
    "marge": {
      "options": {
        "id": "default",
        "reportDir": "cypress/results/json",
        "overwrite": false,
        "html": false,
        "json": true
      },
      "version": "6.2.0"
    }
  }
}