{
  "stats": {
    "suites": 1,
    "tests": 2,
    "passes": 2,
    "pending": 0,
    "failures": 0,
    "start": "2022-04-29T07:03:58.721Z",
    "end": "2022-04-29T07:04:01.740Z",
    "duration": 3019,
    "testsRegistered": 2,
    "passPercent": 100,
    "pendingPercent": 0,
    "other": 0,
    "hasOther": false,
    "skipped": 0,
    "hasSkipped": false
  },
  "results": [
    {
      "uuid": "e31800dc-0ee8-4e61-91f8-3aa9932c7ada",
      "title": "",
      "fullFile": "cypress/integration/MyTests/Rest-api.js",
      "file": "cypress/integration/MyTests/Rest-api.js",
      "beforeHooks": [],
      "afterHooks": [],
      "tests": [],
      "suites": [
        {
          "uuid": "a3f01a8a-9c84-4bcb-84e9-4d420702d5bb",
          "title": "Login-Test-Suite",
          "fullFile": "",
          "file": "",
          "beforeHooks": [],
          "afterHooks": [],
          "tests": [
            {
              "title": "Get request",
              "fullTitle": "Login-Test-Suite Get request",
              "timedOut": null,
              "duration": 2585,
              "state": "passed",
              "speed": "fast",
              "pass": true,
              "fail": false,
              "pending": false,
              "context": "\"videos/MyTests/Rest-api.js.mp4\"",
              "code": "cy.request({\n  method: 'GET',\n  url: 'https://httpbin.org/get'\n}).then(response => {\n  expect(response.body).have.property('url');\n});",
              "err": {},
              "uuid": "65b6a629-a6dc-4e49-9246-c56bd8b6551f",
              "parentUUID": "a3f01a8a-9c84-4bcb-84e9-4d420702d5bb",
              "isHook": false,
              "skipped": false
            },
            {
              "title": "Post request",
              "fullTitle": "Login-Test-Suite Post request",
              "timedOut": null,
              "duration": 345,
              "state": "passed",
              "speed": "fast",
              "pass": true,
              "fail": false,
              "pending": false,
              "context": "\"videos/MyTests/Rest-api.js.mp4\"",
              "code": "cy.request({\n  method: 'POST',\n  url: 'https://httpbin.org/post',\n  body: {\n    \"name\": \"Riyan\",\n    \"place\": \"UP\"\n  },\n  headers: {\n    'content-type': 'application/json'\n  }\n}).then(response => {\n  expect(response.body).have.property('json');\n  expect(response.body.json).to.deep.equal({\n    \"name\": \"Riyan\",\n    \"place\": \"UP\"\n  });\n});",
              "err": {},
              "uuid": "a57fc924-d8d1-4242-920a-9c1f4045d338",
              "parentUUID": "a3f01a8a-9c84-4bcb-84e9-4d420702d5bb",
              "isHook": false,
              "skipped": false
            }
          ],
          "suites": [],
          "passes": [
            "65b6a629-a6dc-4e49-9246-c56bd8b6551f",
            "a57fc924-d8d1-4242-920a-9c1f4045d338"
          ],
          "failures": [],
          "pending": [],
          "skipped": [],
          "duration": 2930,
          "root": false,
          "rootEmpty": false,
          "_timeout": 2000
        }
      ],
      "passes": [],
      "failures": [],
      "pending": [],
      "skipped": [],
      "duration": 0,
      "root": true,
      "rootEmpty": true,
      "_timeout": 2000
    }
  ],
  "meta": {
    "mocha": {
      "version": "7.0.1"
    },
    "mochawesome": {
      "options": {
        "quiet": false,
        "reportFilename": "mochawesome",
        "saveHtml": true,
        "saveJson": true,
        "consoleReporter": "spec",
        "useInlineDiffs": false,
        "code": true
      },
      "version": "7.1.3"
    },
    "marge": {
      "options": {
        "reportDir": "cypress/results",
        "overwrite": false,
        "html": true,
        "json": true
      },
      "version": "6.2.0"
    }
  }
}